miniprogram to uni-app 转换日志

---基本信息---
时间: 2020-04-01 13:59:24
语言: Javascript
转换模式: Hbuilder X
是否转换wxs文件: false

---小程序基本信息---
name: mp-auction
version: 1.0.0
description: 谊众二手车竞价平台
appid: wxe3c4a0dd99cbb6b5
projectname: 
compileType: miniprogram
author: 

---目录信息---
sourceFolder: /Users/yuchunjian/Desktop/projects/auction/weapp
targetFolder: /Users/yuchunjian/Desktop/projects/auction/weapp_uni
outputFolder: /Users/yuchunjian/Desktop/projects/auction/weapp_uni
miniprogramRoot: /Users/yuchunjian/Desktop/projects/auction/weapp

---日志信息---
Convert wxs file ../weapp_uni/miniprogram_npm/@vant/weapp/checkbox/index.wxs success!
Convert wxs file ../weapp_uni/miniprogram_npm/@vant/weapp/calendar/index.wxs success!
Convert wxs file ../weapp_uni/miniprogram_npm/@vant/weapp/calendar/utils.wxs success!
Convert wxs file ../weapp_uni/miniprogram_npm/@vant/weapp/dropdown-menu/index.wxs success!
Convert wxs file ../weapp_uni/miniprogram_npm/@vant/weapp/field/index.wxs success!
Convert wxs file ../weapp_uni/miniprogram_npm/@vant/weapp/sticky/index.wxs success!
Convert wxs file ../weapp_uni/miniprogram_npm/@vant/weapp/wxs/add-unit.wxs success!
Convert wxs file ../weapp_uni/miniprogram_npm/@vant/weapp/wxs/array.wxs success!
Convert wxs file ../weapp_uni/miniprogram_npm/@vant/weapp/wxs/bem.wxs success!
Convert wxs file ../weapp_uni/miniprogram_npm/@vant/weapp/wxs/memoize.wxs success!
Convert wxs file ../weapp_uni/miniprogram_npm/@vant/weapp/tree-select/index.wxs success!
Convert wxs file ../weapp_uni/miniprogram_npm/@vant/weapp/wxs/object.wxs success!
Convert wxs file ../weapp_uni/miniprogram_npm/@vant/weapp/wxs/utils.wxs success!
Convert wxs file ../weapp_uni/miniprogram_npm/@vant/weapp/picker-column/index.wxs success!
Convert wxs file ../weapp_uni/miniprogram_npm/@vant/weapp/tabs/index.wxs success!
Convert wxs file ../weapp_uni/miniprogram_npm/@vant/weapp/progress/index.wxs success!
Convert wxs file ../weapp_uni/node_modules/@vant/weapp/lib/calendar/index.wxs success!
Convert wxs file ../weapp_uni/node_modules/@vant/weapp/lib/calendar/utils.wxs success!
Convert wxs file ../weapp_uni/node_modules/@vant/weapp/lib/checkbox/index.wxs success!
Convert wxs file ../weapp_uni/node_modules/@vant/weapp/lib/picker-column/index.wxs success!
Convert wxs file ../weapp_uni/node_modules/@vant/weapp/lib/progress/index.wxs success!
Convert wxs file ../weapp_uni/node_modules/@vant/weapp/lib/dropdown-menu/index.wxs success!
Convert wxs file ../weapp_uni/node_modules/@vant/weapp/lib/tabs/index.wxs success!
Convert wxs file ../weapp_uni/node_modules/@vant/weapp/lib/wxs/add-unit.wxs success!
Convert wxs file ../weapp_uni/node_modules/@vant/weapp/lib/wxs/array.wxs success!
Convert wxs file ../weapp_uni/node_modules/@vant/weapp/lib/wxs/bem.wxs success!
Convert wxs file ../weapp_uni/node_modules/@vant/weapp/lib/wxs/memoize.wxs success!
Convert wxs file ../weapp_uni/node_modules/@vant/weapp/lib/wxs/utils.wxs success!
Convert wxs file ../weapp_uni/node_modules/@vant/weapp/lib/wxs/object.wxs success!
Convert wxs file ../weapp_uni/node_modules/@vant/weapp/lib/sticky/index.wxs success!
Convert wxs file ../weapp_uni/node_modules/@vant/weapp/dist/checkbox/index.wxs success!
Convert wxs file ../weapp_uni/node_modules/@vant/weapp/dist/calendar/utils.wxs success!
Convert wxs file ../weapp_uni/node_modules/@vant/weapp/dist/calendar/index.wxs success!
Convert wxs file ../weapp_uni/node_modules/@vant/weapp/lib/tree-select/index.wxs success!
Convert wxs file ../weapp_uni/node_modules/@vant/weapp/dist/dropdown-menu/index.wxs success!
Convert wxs file ../weapp_uni/node_modules/@vant/weapp/dist/progress/index.wxs success!
Convert wxs file ../weapp_uni/node_modules/@vant/weapp/dist/tree-select/index.wxs success!
Convert wxs file ../weapp_uni/node_modules/@vant/weapp/dist/sticky/index.wxs success!
Convert wxs file ../weapp_uni/node_modules/@vant/weapp/dist/tabs/index.wxs success!
Convert wxs file ../weapp_uni/node_modules/@vant/weapp/dist/wxs/add-unit.wxs success!
Convert wxs file ../weapp_uni/node_modules/@vant/weapp/dist/wxs/bem.wxs success!
Convert wxs file ../weapp_uni/node_modules/@vant/weapp/dist/wxs/array.wxs success!
Convert wxs file ../weapp_uni/node_modules/@vant/weapp/dist/wxs/object.wxs success!
Convert wxs file ../weapp_uni/node_modules/@vant/weapp/dist/wxs/memoize.wxs success!
Convert wxs file ../weapp_uni/node_modules/@vant/weapp/dist/picker-column/index.wxs success!
Convert wxs file ../weapp_uni/node_modules/@vant/weapp/dist/wxs/utils.wxs success!
Convert wxs file ../weapp_uni/node_modules/@vant/weapp/dist/field/index.wxs success!
Convert wxs file ../weapp_uni/node_modules/@vant/weapp/lib/field/index.wxs success!
[命名替换]:  $emit  -->  emitFun    file: miniprogram_npm/@vant/weapp/mixins/basic.js
[命名替换]:  $emit  -->  emitFun    file: node_modules/@vant/weapp/lib/mixins/basic.js
[命名替换]:  $emit  -->  emitFun    file: node_modules/@vant/weapp/dist/mixins/basic.js
Convert wxs file ../weapp_uni/miniprogram_npm/@vant/weapp/calendar/components/month/index.wxs success!
Convert wxs file ../weapp_uni/node_modules/@vant/weapp/lib/calendar/components/month/index.wxs success!
Convert wxs file ../weapp_uni/node_modules/@vant/weapp/dist/calendar/components/month/index.wxs success!

转换完成: 
耗时：3645ms
当前转换模式：【Hbuilder X】，生成HbuilderX项目。
优点：上手快，项目结构较简单；
缺点：资源路径会因为表达式而无法全部被修复(需手动修复)

注意：
1.当看到"image漏网之鱼"，意味着您"可能"需要手动调整对应代码(以实际编译运行为准)，当image标签的src属性是含变量或表达式，工具还无法做到100%转换，需要手动修改为相对/static目录的路径



注意!!! 注意!!! 注意!!!
检测到当前项目使用了vant组件，已经自动按vant项目进行转换(转换后的项目仅支持app v3模式和H5 ！！！)。



日志说明：
1. image漏网之鱼 --> 为HbuilderX模式时，需要将资源移动到static，并且修复相应文件路径，有可能src为网络文件，有可能为变量或表达式，可能会导致转换后文件找不到，因此提示一下
修复提示：编译时，如有报错就将对应位置修复即可(虽然目前uni-app有类似的支持，似乎并不完善)
2. 命名替换 --> 小程序里对于属性名基本没什么限制，如id能做属性名，data下面的变量和函数名还能重名，但这些在uni-app里是不支持的，因此做了相关替换，并记录日志，也许组件在外部调用时，函数名被改而因此报错时，请查看此文档
